#
# There is insufficient memory for the Java Runtime Environment to continue.
# Native memory allocation (malloc) failed to allocate 147849216 bytes for committing reserved memory.
# Possible reasons:
#   The system is out of physical RAM or swap space
#   In 32 bit mode, the process size limit was hit
# Possible solutions:
#   Reduce memory load on the system
#   Increase physical memory or swap space
#   Check if swap backing store is full
#   Use 64 bit Java on a 64 bit OS
#   Decrease Java heap size (-Xmx/-Xms)
#   Decrease number of Java threads
#   Decrease Java thread stack sizes (-Xss)
#   Set larger code cache with -XX:ReservedCodeCacheSize=
# This output file may be truncated or incomplete.
#
#  Out of Memory Error (os_linux.cpp:2726), pid=8634, tid=140407118104320
#
# JRE version: Java(TM) SE Runtime Environment (7.0_55-b13) (build 1.7.0_55-b13)
# Java VM: Java HotSpot(TM) 64-Bit Server VM (24.55-b03 mixed mode linux-amd64 compressed oops)
# Failed to write core dump. Core dumps have been disabled. To enable core dumping, try "ulimit -c unlimited" before starting Java again
#

---------------  T H R E A D  ---------------

Current thread (0x00007fb310069800):  VMThread [stack: 0x00007fb314560000,0x00007fb314661000] [id=8642]

Stack: [0x00007fb314560000,0x00007fb314661000],  sp=0x00007fb31465f090,  free space=1020k
Native frames: (J=compiled Java code, j=interpreted, Vv=VM code, C=native code)
V  [libjvm.so+0x99305a]  VMError::report_and_die()+0x2ea
V  [libjvm.so+0x4931fb]  report_vm_out_of_memory(char const*, int, unsigned long, char const*)+0x9b
V  [libjvm.so+0x8134be]  os::Linux::commit_memory_impl(char*, unsigned long, bool)+0xfe
V  [libjvm.so+0x81396f]  os::Linux::commit_memory_impl(char*, unsigned long, unsigned long, bool)+0x4f
V  [libjvm.so+0x813b5c]  os::pd_commit_memory(char*, unsigned long, unsigned long, bool)+0xc
V  [libjvm.so+0x80dc1a]  os::commit_memory(char*, unsigned long, unsigned long, bool)+0x2a
V  [libjvm.so+0x87fde3]  PSVirtualSpace::expand_by(unsigned long)+0x53
V  [libjvm.so+0x8811b8]  PSYoungGen::resize_generation(unsigned long, unsigned long)+0xf8
V  [libjvm.so+0x880322]  PSYoungGen::resize(unsigned long, unsigned long)+0x22
V  [libjvm.so+0x87d7bb]  PSScavenge::invoke_no_policy()+0xf3b
V  [libjvm.so+0x87df21]  PSScavenge::invoke()+0x41
V  [libjvm.so+0x835020]  ParallelScavengeHeap::failed_mem_allocate(unsigned long)+0x70
V  [libjvm.so+0x9948f7]  VM_ParallelGCFailedAllocation::doit()+0x97
V  [libjvm.so+0x99bd25]  VM_Operation::evaluate()+0x55
V  [libjvm.so+0x99a15a]  VMThread::evaluate_operation(VM_Operation*)+0xba
V  [libjvm.so+0x99a4de]  VMThread::loop()+0x1ce
V  [libjvm.so+0x99a950]  VMThread::run()+0x70
V  [libjvm.so+0x815668]  java_start(Thread*)+0x108

VM_Operation (0x00007fb319297500): ParallelGCFailedAllocation, mode: safepoint, requested by thread 0x00007fb31000a000


---------------  P R O C E S S  ---------------

Java Threads: ( => current thread )
  0x00007fb310491000 JavaThread "process reaper" daemon [_thread_blocked, id=8651, stack(0x00007fb30a1a8000,0x00007fb30a1e1000)]
  0x00007fb310096800 JavaThread "Service Thread" daemon [_thread_blocked, id=8648, stack(0x00007fb30a74b000,0x00007fb30a84c000)]
  0x00007fb310094000 JavaThread "C2 CompilerThread1" daemon [_thread_blocked, id=8647, stack(0x00007fb31405b000,0x00007fb31415c000)]
  0x00007fb310091000 JavaThread "C2 CompilerThread0" daemon [_thread_blocked, id=8646, stack(0x00007fb31415c000,0x00007fb31425d000)]
  0x00007fb310087000 JavaThread "Signal Dispatcher" daemon [_thread_blocked, id=8645, stack(0x00007fb31425d000,0x00007fb31435e000)]
  0x00007fb310070000 JavaThread "Finalizer" daemon [_thread_blocked, id=8644, stack(0x00007fb31435e000,0x00007fb31445f000)]
  0x00007fb31006c000 JavaThread "Reference Handler" daemon [_thread_blocked, id=8643, stack(0x00007fb31445f000,0x00007fb314560000)]
  0x00007fb31000a000 JavaThread "main" [_thread_blocked, id=8637, stack(0x00007fb31919b000,0x00007fb31929c000)]

Other Threads:
=>0x00007fb310069800 VMThread [stack: 0x00007fb314560000,0x00007fb314661000] [id=8642]
  0x00007fb3100a1000 WatcherThread [stack: 0x00007fb30a64a000,0x00007fb30a74b000] [id=8649]

VM state:at safepoint (normal execution)

VM Mutex/Monitor currently owned by a thread:  ([mutex/lock_event])
[0x00007fb310006450] Threads_lock - owner thread: 0x00007fb310069800
[0x00007fb310006950] Heap_lock - owner thread: 0x00007fb31000a000

Heap
 PSYoungGen      total 130560K, used 8699K [0x00000000ec000000, 0x00000000f4900000, 0x0000000100000000)
  eden space 121856K, 0% used [0x00000000ec000000,0x00000000ec000000,0x00000000f3700000)
  from space 8704K, 99% used [0x00000000f3700000,0x00000000f3f7ed70,0x00000000f3f80000)
  to   space 7680K, 0% used [0x00000000f3f80000,0x00000000f3f80000,0x00000000f4700000)
 ParOldGen       total 40960K, used 30618K [0x00000000c4000000, 0x00000000c6800000, 0x00000000ec000000)
  object space 40960K, 74% used [0x00000000c4000000,0x00000000c5de6a48,0x00000000c6800000)
 PSPermGen       total 21504K, used 17603K [0x00000000bee00000, 0x00000000c0300000, 0x00000000c4000000)
  object space 21504K, 81% used [0x00000000bee00000,0x00000000bff30e98,0x00000000c0300000)

Card table byte_map: [0x00007fb31608d000,0x00007fb316297000] byte_map_base: 0x00007fb315a96000

Polling page: 0x00007fb3192b9000

Code Cache  [0x00007fb30d000000, 0x00007fb30d320000, 0x00007fb310000000)
 total_blobs=1145 nmethods=848 adapters=249 free_code_cache=46133Kb largest_free_block=47095232

Compilation events (10 events):
Event: 22,985 Thread 0x00007fb310094000 nmethod 918 0x00007fb30d1ff450 code [0x00007fb30d1ff5a0, 0x00007fb30d1ff678]
Event: 22,985 Thread 0x00007fb310094000  919             com.sun.tools.javac.comp.Flow::scanExpr (21 bytes)
Event: 22,986 Thread 0x00007fb310094000 nmethod 919 0x00007fb30d1fe790 code [0x00007fb30d1fe8e0, 0x00007fb30d1fe978]
Event: 22,986 Thread 0x00007fb310094000  920             com.sun.tools.javac.jvm.Code::width (34 bytes)
Event: 22,990 Thread 0x00007fb310094000 nmethod 920 0x00007fb30d1ee090 code [0x00007fb30d1ee2e0, 0x00007fb30d1ee4b8]
Event: 22,990 Thread 0x00007fb310094000  921             com.sun.tools.javac.comp.Resolve::isAccessible (332 bytes)
Event: 22,995 Thread 0x00007fb310091000 nmethod 917 0x00007fb30d219050 code [0x00007fb30d2192c0, 0x00007fb30d219a38]
Event: 22,995 Thread 0x00007fb310091000  922             com.sun.tools.javac.comp.Resolve::notOverriddenIn (103 bytes)
Event: 23,030 Thread 0x00007fb310091000 nmethod 922 0x00007fb30d2d0190 code [0x00007fb30d2d03c0, 0x00007fb30d2d0b40]
Event: 23,030 Thread 0x00007fb310091000  923             com.sun.tools.javac.code.Types$ImplementationCache::get (159 bytes)

GC Heap History (10 events):
Event: 2,297 GC heap after
Heap after GC invocations=2 (full 0):
 PSYoungGen      total 33280K, used 2263K [0x00000000ec000000, 0x00000000ee300000, 0x0000000100000000)
  eden space 30720K, 0% used [0x00000000ec000000,0x00000000ec000000,0x00000000ede00000)
  from space 2560K, 88% used [0x00000000ee080000,0x00000000ee2b5dc8,0x00000000ee300000)
  to   space 2560K, 0% used [0x00000000ede00000,0x00000000ede00000,0x00000000ee080000)
 ParOldGen       total 40960K, used 735K [0x00000000c4000000, 0x00000000c6800000, 0x00000000ec000000)
  object space 40960K, 1% used [0x00000000c4000000,0x00000000c40b7d30,0x00000000c6800000)
 PSPermGen       total 21504K, used 7178K [0x00000000bee00000, 0x00000000c0300000, 0x00000000c4000000)
  object space 21504K, 33% used [0x00000000bee00000,0x00000000bf5028d8,0x00000000c0300000)
}
Event: 4,129 GC heap before
{Heap before GC invocations=3 (full 0):
 PSYoungGen      total 33280K, used 32983K [0x00000000ec000000, 0x00000000ee300000, 0x0000000100000000)
  eden space 30720K, 100% used [0x00000000ec000000,0x00000000ede00000,0x00000000ede00000)
  from space 2560K, 88% used [0x00000000ee080000,0x00000000ee2b5dc8,0x00000000ee300000)
  to   space 2560K, 0% used [0x00000000ede00000,0x00000000ede00000,0x00000000ee080000)
 ParOldGen       total 40960K, used 735K [0x00000000c4000000, 0x00000000c6800000, 0x00000000ec000000)
  object space 40960K, 1% used [0x00000000c4000000,0x00000000c40b7d30,0x00000000c6800000)
 PSPermGen       total 21504K, used 11398K [0x00000000bee00000, 0x00000000c0300000, 0x00000000c4000000)
  object space 21504K, 53% used [0x00000000bee00000,0x00000000bf921be8,0x00000000c0300000)
Event: 4,142 GC heap after
Heap after GC invocations=3 (full 0):
 PSYoungGen      total 33280K, used 2560K [0x00000000ec000000, 0x00000000f0100000, 0x0000000100000000)
  eden space 30720K, 0% used [0x00000000ec000000,0x00000000ec000000,0x00000000ede00000)
  from space 2560K, 100% used [0x00000000ede00000,0x00000000ee080000,0x00000000ee080000)
  to   space 2560K, 0% used [0x00000000efe80000,0x00000000efe80000,0x00000000f0100000)
 ParOldGen       total 40960K, used 4292K [0x00000000c4000000, 0x00000000c6800000, 0x00000000ec000000)
  object space 40960K, 10% used [0x00000000c4000000,0x00000000c4431370,0x00000000c6800000)
 PSPermGen       total 21504K, used 11398K [0x00000000bee00000, 0x00000000c0300000, 0x00000000c4000000)
  object space 21504K, 53% used [0x00000000bee00000,0x00000000bf921be8,0x00000000c0300000)
}
Event: 6,143 GC heap before
{Heap before GC invocations=4 (full 0):
 PSYoungGen      total 33280K, used 33280K [0x00000000ec000000, 0x00000000f0100000, 0x0000000100000000)
  eden space 30720K, 100% used [0x00000000ec000000,0x00000000ede00000,0x00000000ede00000)
  from space 2560K, 100% used [0x00000000ede00000,0x00000000ee080000,0x00000000ee080000)
  to   space 2560K, 0% used [0x00000000efe80000,0x00000000efe80000,0x00000000f0100000)
 ParOldGen       total 40960K, used 4292K [0x00000000c4000000, 0x00000000c6800000, 0x00000000ec000000)
  object space 40960K, 10% used [0x00000000c4000000,0x00000000c4431370,0x00000000c6800000)
 PSPermGen       total 21504K, used 12191K [0x00000000bee00000, 0x00000000c0300000, 0x00000000c4000000)
  object space 21504K, 56% used [0x00000000bee00000,0x00000000bf9e7da8,0x00000000c0300000)
Event: 6,161 GC heap after
Heap after GC invocations=4 (full 0):
 PSYoungGen      total 64000K, used 2544K [0x00000000ec000000, 0x00000000f0100000, 0x0000000100000000)
  eden space 61440K, 0% used [0x00000000ec000000,0x00000000ec000000,0x00000000efc00000)
  from space 2560K, 99% used [0x00000000efe80000,0x00000000f00fc010,0x00000000f0100000)
  to   space 2560K, 0% used [0x00000000efc00000,0x00000000efc00000,0x00000000efe80000)
 ParOldGen       total 40960K, used 7005K [0x00000000c4000000, 0x00000000c6800000, 0x00000000ec000000)
  object space 40960K, 17% used [0x00000000c4000000,0x00000000c46d7698,0x00000000c6800000)
 PSPermGen       total 21504K, used 12191K [0x00000000bee00000, 0x00000000c0300000, 0x00000000c4000000)
  object space 21504K, 56% used [0x00000000bee00000,0x00000000bf9e7da8,0x00000000c0300000)
}
Event: 10,663 GC heap before
{Heap before GC invocations=5 (full 0):
 PSYoungGen      total 64000K, used 63984K [0x00000000ec000000, 0x00000000f0100000, 0x0000000100000000)
  eden space 61440K, 100% used [0x00000000ec000000,0x00000000efc00000,0x00000000efc00000)
  from space 2560K, 99% used [0x00000000efe80000,0x00000000f00fc010,0x00000000f0100000)
  to   space 2560K, 0% used [0x00000000efc00000,0x00000000efc00000,0x00000000efe80000)
 ParOldGen       total 40960K, used 7005K [0x00000000c4000000, 0x00000000c6800000, 0x00000000ec000000)
  object space 40960K, 17% used [0x00000000c4000000,0x00000000c46d7698,0x00000000c6800000)
 PSPermGen       total 21504K, used 12696K [0x00000000bee00000, 0x00000000c0300000, 0x00000000c4000000)
  object space 21504K, 59% used [0x00000000bee00000,0x00000000bfa662f8,0x00000000c0300000)
Event: 10,695 GC heap after
Heap after GC invocations=5 (full 0):
 PSYoungGen      total 64000K, used 2544K [0x00000000ec000000, 0x00000000f4700000, 0x0000000100000000)
  eden space 61440K, 0% used [0x00000000ec000000,0x00000000ec000000,0x00000000efc00000)
  from space 2560K, 99% used [0x00000000efc00000,0x00000000efe7c010,0x00000000efe80000)
  to   space 7680K, 0% used [0x00000000f3f80000,0x00000000f3f80000,0x00000000f4700000)
 ParOldGen       total 40960K, used 9821K [0x00000000c4000000, 0x00000000c6800000, 0x00000000ec000000)
  object space 40960K, 23% used [0x00000000c4000000,0x00000000c4997680,0x00000000c6800000)
 PSPermGen       total 21504K, used 12696K [0x00000000bee00000, 0x00000000c0300000, 0x00000000c4000000)
  object space 21504K, 59% used [0x00000000bee00000,0x00000000bfa662f8,0x00000000c0300000)
}
Event: 15,092 GC heap before
{Heap before GC invocations=6 (full 0):
 PSYoungGen      total 64000K, used 63984K [0x00000000ec000000, 0x00000000f4700000, 0x0000000100000000)
  eden space 61440K, 100% used [0x00000000ec000000,0x00000000efc00000,0x00000000efc00000)
  from space 2560K, 99% used [0x00000000efc00000,0x00000000efe7c010,0x00000000efe80000)
  to   space 7680K, 0% used [0x00000000f3f80000,0x00000000f3f80000,0x00000000f4700000)
 ParOldGen       total 40960K, used 9821K [0x00000000c4000000, 0x00000000c6800000, 0x00000000ec000000)
  object space 40960K, 23% used [0x00000000c4000000,0x00000000c4997680,0x00000000c6800000)
 PSPermGen       total 21504K, used 16535K [0x00000000bee00000, 0x00000000c0300000, 0x00000000c4000000)
  object space 21504K, 76% used [0x00000000bee00000,0x00000000bfe25c98,0x00000000c0300000)
Event: 15,150 GC heap after
Heap after GC invocations=6 (full 0):
 PSYoungGen      total 129536K, used 7053K [0x00000000ec000000, 0x00000000f4900000, 0x0000000100000000)
  eden space 121856K, 0% used [0x00000000ec000000,0x00000000ec000000,0x00000000f3700000)
  from space 7680K, 91% used [0x00000000f3f80000,0x00000000f46636f8,0x00000000f4700000)
  to   space 8704K, 0% used [0x00000000f3700000,0x00000000f3700000,0x00000000f3f80000)
 ParOldGen       total 40960K, used 9821K [0x00000000c4000000, 0x00000000c6800000, 0x00000000ec000000)
  object space 40960K, 23% used [0x00000000c4000000,0x00000000c4997680,0x00000000c6800000)
 PSPermGen       total 21504K, used 16535K [0x00000000bee00000, 0x00000000c0300000, 0x00000000c4000000)
  object space 21504K, 76% used [0x00000000bee00000,0x00000000bfe25c98,0x00000000c0300000)
}
Event: 23,154 GC heap before
{Heap before GC invocations=7 (full 0):
 PSYoungGen      total 129536K, used 128909K [0x00000000ec000000, 0x00000000f4900000, 0x0000000100000000)
  eden space 121856K, 100% used [0x00000000ec000000,0x00000000f3700000,0x00000000f3700000)
  from space 7680K, 91% used [0x00000000f3f80000,0x00000000f46636f8,0x00000000f4700000)
  to   space 8704K, 0% used [0x00000000f3700000,0x00000000f3700000,0x00000000f3f80000)
 ParOldGen       total 40960K, used 9821K [0x00000000c4000000, 0x00000000c6800000, 0x00000000ec000000)
  object space 40960K, 23% used [0x00000000c4000000,0x00000000c4997680,0x00000000c6800000)
 PSPermGen       total 21504K, used 17603K [0x00000000bee00000, 0x00000000c0300000, 0x00000000c4000000)
  object space 21504K, 81% used [0x00000000bee00000,0x00000000bff30e98,0x00000000c0300000)

Deoptimization events (10 events):
Event: 22,118 Thread 0x00007fb31000a000 Uncommon trap: reason=class_check action=maybe_recompile pc=0x00007fb30d2c1124 method=com.sun.tools.javac.comp.Resolve.isAccessible(Lcom/sun/tools/javac/comp/Env;Lcom/sun/tools/javac/code/Type;Lcom/sun/tools/javac/code/Symbol;Z)Z @ 152
Event: 22,118 Thread 0x00007fb31000a000 Uncommon trap: reason=class_check action=maybe_recompile pc=0x00007fb30d251cf0 method=com.sun.tools.javac.code.Types$5.visitClassType(Lcom/sun/tools/javac/code/Type$ClassType;Lcom/sun/tools/javac/code/Type;)Ljava/lang/Boolean; @ 29
Event: 22,118 Thread 0x00007fb31000a000 Uncommon trap: reason=class_check action=maybe_recompile pc=0x00007fb30d251cf0 method=com.sun.tools.javac.code.Types$5.visitClassType(Lcom/sun/tools/javac/code/Type$ClassType;Lcom/sun/tools/javac/code/Type;)Ljava/lang/Boolean; @ 29
Event: 22,118 Thread 0x00007fb31000a000 Uncommon trap: reason=class_check action=maybe_recompile pc=0x00007fb30d251cf0 method=com.sun.tools.javac.code.Types$5.visitClassType(Lcom/sun/tools/javac/code/Type$ClassType;Lcom/sun/tools/javac/code/Type;)Ljava/lang/Boolean; @ 29
Event: 22,128 Thread 0x00007fb31000a000 Uncommon trap: reason=class_check action=maybe_recompile pc=0x00007fb30d2c1124 method=com.sun.tools.javac.comp.Resolve.isAccessible(Lcom/sun/tools/javac/comp/Env;Lcom/sun/tools/javac/code/Type;Lcom/sun/tools/javac/code/Symbol;Z)Z @ 152
Event: 22,128 Thread 0x00007fb31000a000 Uncommon trap: reason=class_check action=maybe_recompile pc=0x00007fb30d251cf0 method=com.sun.tools.javac.code.Types$5.visitClassType(Lcom/sun/tools/javac/code/Type$ClassType;Lcom/sun/tools/javac/code/Type;)Ljava/lang/Boolean; @ 29
Event: 22,128 Thread 0x00007fb31000a000 Uncommon trap: reason=class_check action=maybe_recompile pc=0x00007fb30d281cfc method=com.sun.tools.javac.code.Types$5.visitClassType(Lcom/sun/tools/javac/code/Type$ClassType;Lcom/sun/tools/javac/code/Type;)Ljava/lang/Boolean; @ 29
Event: 22,129 Thread 0x00007fb31000a000 Uncommon trap: reason=class_check action=maybe_recompile pc=0x00007fb30d2c1124 method=com.sun.tools.javac.comp.Resolve.isAccessible(Lcom/sun/tools/javac/comp/Env;Lcom/sun/tools/javac/code/Type;Lcom/sun/tools/javac/code/Symbol;Z)Z @ 152
Event: 22,135 Thread 0x00007fb31000a000 Uncommon trap: reason=class_check action=maybe_recompile pc=0x00007fb30d2c1124 method=com.sun.tools.javac.comp.Resolve.isAccessible(Lcom/sun/tools/javac/comp/Env;Lcom/sun/tools/javac/code/Type;Lcom/sun/tools/javac/code/Symbol;Z)Z @ 152
Event: 22,367 Thread 0x00007fb31000a000 Uncommon trap: reason=unreached action=reinterpret pc=0x00007fb30d2a642c method=com.sun.tools.javac.comp.Attr.checkId(Lcom/sun/tools/javac/tree/JCTree;Lcom/sun/tools/javac/code/Type;Lcom/sun/tools/javac/code/Symbol;Lcom/sun/tools/javac/comp/Env;ILcom/sun/

Internal exceptions (10 events):
Event: 17,629 Thread 0x00007fb31000a000 Threw 0x00000000f06ac440 at /HUDSON/workspace/7u-2-build-linux-amd64/jdk7u55/869/hotspot/src/share/vm/prims/jvm.cpp:1244
Event: 18,294 Thread 0x00007fb31000a000 Threw 0x00000000f10bf450 at /HUDSON/workspace/7u-2-build-linux-amd64/jdk7u55/869/hotspot/src/share/vm/prims/jvm.cpp:1244
Event: 18,339 Thread 0x00007fb31000a000 Threw 0x00000000f10e9940 at /HUDSON/workspace/7u-2-build-linux-amd64/jdk7u55/869/hotspot/src/share/vm/prims/jvm.cpp:1244
Event: 18,340 Thread 0x00007fb31000a000 Threw 0x00000000f10eb2a0 at /HUDSON/workspace/7u-2-build-linux-amd64/jdk7u55/869/hotspot/src/share/vm/prims/jvm.cpp:1244
Event: 18,765 Thread 0x00007fb31000a000 Threw 0x00000000f1203418 at /HUDSON/workspace/7u-2-build-linux-amd64/jdk7u55/869/hotspot/src/share/vm/prims/jvm.cpp:1244
Event: 18,767 Thread 0x00007fb31000a000 Threw 0x00000000f1205678 at /HUDSON/workspace/7u-2-build-linux-amd64/jdk7u55/869/hotspot/src/share/vm/prims/jvm.cpp:1244
Event: 18,795 Thread 0x00007fb31000a000 Implicit null exception at 0x00007fb30d1ff608 to 0x00007fb30d1ff699
Event: 18,842 Thread 0x00007fb31000a000 Implicit null exception at 0x00007fb30d1ef6cc to 0x00007fb30d1ef6eb
Event: 19,100 Thread 0x00007fb31000a000 Threw 0x00000000f13baa78 at /HUDSON/workspace/7u-2-build-linux-amd64/jdk7u55/869/hotspot/src/share/vm/prims/jvm.cpp:1244
Event: 19,236 Thread 0x00007fb31000a000 Implicit null exception at 0x00007fb30d235450 to 0x00007fb30d23644d

Events (10 events):
Event: 22,950 Thread 0x00007fb310091000 flushing nmethod 0x00007fb30d210450
Event: 22,950 Thread 0x00007fb310091000 flushing nmethod 0x00007fb30d211510
Event: 22,950 Thread 0x00007fb310091000 flushing nmethod 0x00007fb30d212990
Event: 22,950 Thread 0x00007fb310091000 flushing nmethod 0x00007fb30d2134d0
Event: 22,966 Thread 0x00007fb310091000 flushing nmethod 0x00007fb30d218e50
Event: 22,966 Thread 0x00007fb310091000 flushing nmethod 0x00007fb30d21ced0
Event: 22,966 Thread 0x00007fb310091000 flushing nmethod 0x00007fb30d22c350
Event: 22,966 Thread 0x00007fb310091000 flushing nmethod 0x00007fb30d234dd0
Event: 22,966 Thread 0x00007fb310091000 flushing nmethod 0x00007fb30d23d290
Event: 23,154 Executing VM operation: ParallelGCFailedAllocation


Dynamic libraries:
00400000-00401000 r-xp 00000000 08:06 668967                             /usr/lib/jvm/java-7-oracle/bin/java
00600000-00601000 rw-p 00000000 08:06 668967                             /usr/lib/jvm/java-7-oracle/bin/java
00a2e000-00a4f000 rw-p 00000000 00:00 0                                  [heap]
bee00000-c0300000 rw-p 00000000 00:00 0 
c0300000-c4000000 rw-p 00000000 00:00 0 
c4000000-c6800000 rw-p 00000000 00:00 0 
c6800000-ec000000 rw-p 00000000 00:00 0 
ec000000-f4900000 rw-p 00000000 00:00 0 
fd600000-100000000 rw-p 00000000 00:00 0 
7fb2cc000000-7fb2cc021000 rw-p 00000000 00:00 0 
7fb2cc021000-7fb2d0000000 ---p 00000000 00:00 0 
7fb2d4000000-7fb2d4021000 rw-p 00000000 00:00 0 
7fb2d4021000-7fb2d8000000 ---p 00000000 00:00 0 
7fb2d8000000-7fb2d8021000 rw-p 00000000 00:00 0 
7fb2d8021000-7fb2dc000000 ---p 00000000 00:00 0 
7fb2dc000000-7fb2dcb05000 rw-p 00000000 00:00 0 
7fb2dcb05000-7fb2e0000000 ---p 00000000 00:00 0 
7fb2e0000000-7fb2e1022000 rw-p 00000000 00:00 0 
7fb2e1022000-7fb2e4000000 ---p 00000000 00:00 0 
7fb2e4000000-7fb2e4021000 rw-p 00000000 00:00 0 
7fb2e4021000-7fb2e8000000 ---p 00000000 00:00 0 
7fb2e8000000-7fb2e8021000 rw-p 00000000 00:00 0 
7fb2e8021000-7fb2ec000000 ---p 00000000 00:00 0 
7fb2ec000000-7fb2ec26a000 rw-p 00000000 00:00 0 
7fb2ec26a000-7fb2f0000000 ---p 00000000 00:00 0 
7fb2f0000000-7fb2f0021000 rw-p 00000000 00:00 0 
7fb2f0021000-7fb2f4000000 ---p 00000000 00:00 0 
7fb2f4000000-7fb2f4021000 rw-p 00000000 00:00 0 
7fb2f4021000-7fb2f8000000 ---p 00000000 00:00 0 
7fb2f8000000-7fb2f8021000 rw-p 00000000 00:00 0 
7fb2f8021000-7fb2fc000000 ---p 00000000 00:00 0 
7fb2fc000000-7fb2fc021000 rw-p 00000000 00:00 0 
7fb2fc021000-7fb300000000 ---p 00000000 00:00 0 
7fb304000000-7fb304021000 rw-p 00000000 00:00 0 
7fb304021000-7fb308000000 ---p 00000000 00:00 0 
7fb30a081000-7fb30a082000 rw-p 00000000 00:00 0 
7fb30a082000-7fb30a089000 r--s 00000000 08:06 662992                     /usr/lib/x86_64-linux-gnu/gconv/gconv-modules.cache
7fb30a089000-7fb30a0ac000 r--p 00000000 08:06 797117                     /usr/share/locale-langpack/it/LC_MESSAGES/libc.mo
7fb30a0ac000-7fb30a117000 r--s 00e1f000 08:06 727531                     /usr/lib/jvm/java-7-oracle/lib/tools.jar
7fb30a117000-7fb30a119000 r--s 00002000 08:06 2887279                    /home/antonio/.m2/repository/org/codehaus/plexus/plexus-compiler-javac/1.8.1/plexus-compiler-javac-1.8.1.jar
7fb30a119000-7fb30a11b000 r--s 00000000 08:06 2887280                    /home/antonio/.m2/repository/org/codehaus/plexus/plexus-compiler-manager/1.8.1/plexus-compiler-manager-1.8.1.jar
7fb30a11b000-7fb30a11c000 r--s 00004000 08:06 2887281                    /home/antonio/.m2/repository/org/codehaus/plexus/plexus-compiler-api/1.8.1/plexus-compiler-api-1.8.1.jar
7fb30a11c000-7fb30a11e000 r--s 00006000 08:06 2886164                    /home/antonio/.m2/repository/org/apache/maven/plugins/maven-compiler-plugin/2.3.2/maven-compiler-plugin-2.3.2.jar
7fb30a11e000-7fb30a120000 r--s 0000d000 08:06 1640087                    /home/antonio/.m2/repository/org/codehaus/plexus/plexus-interpolation/1.13/plexus-interpolation-1.13.jar
7fb30a120000-7fb30a121000 r--s 00001000 08:06 1640090                    /home/antonio/.m2/repository/org/sonatype/plexus/plexus-build-api/0.0.4/plexus-build-api-0.0.4.jar
7fb30a121000-7fb30a123000 r--s 00009000 08:06 1640094                    /home/antonio/.m2/repository/org/apache/maven/shared/maven-filtering/1.0/maven-filtering-1.0.jar
7fb30a123000-7fb30a125000 r--s 00005000 08:06 1627606                    /home/antonio/.m2/repository/org/apache/maven/plugins/maven-resources-plugin/2.5/maven-resources-plugin-2.5.jar
7fb30a125000-7fb30a127000 r--s 00008000 08:06 2887179                    /home/antonio/.m2/repository/org/apache/maven/doxia/doxia-decoration-model/1.0-alpha-7/doxia-decoration-model-1.0-alpha-7.jar
7fb30a127000-7fb30a132000 r--s 00074000 08:06 2887176                    /home/antonio/.m2/repository/velocity/velocity-dep/1.4/velocity-dep-1.4.jar
7fb30a132000-7fb30a13a000 r--s 00051000 08:06 2887178                    /home/antonio/.m2/repository/velocity/velocity/1.4/velocity-1.4.jar
7fb30a13a000-7fb30a13c000 r--s 00005000 08:06 2887175                    /home/antonio/.m2/repository/commons-logging/commons-logging-api/1.0.4/commons-logging-api-1.0.4.jar
7fb30a13c000-7fb30a13f000 r--s 00025000 08:06 2887172                    /home/antonio/.m2/repository/plexus/plexus-utils/1.0.2/plexus-utils-1.0.2.jar
7fb30a13f000-7fb30a140000 r--s 00001000 08:06 2887171                    /home/antonio/.m2/repository/org/codehaus/plexus/plexus-velocity/1.1.2/plexus-velocity-1.1.2.jar
7fb30a140000-7fb30a141000 r--s 00002000 08:06 2887169                    /home/antonio/.m2/repository/org/codehaus/plexus/plexus-i18n/1.0-beta-6/plexus-i18n-1.0-beta-6.jar
7fb30a141000-7fb30a143000 r--s 00002000 08:06 2887165                    /home/antonio/.m2/repository/org/apache/maven/doxia/doxia-site-renderer/1.0-alpha-7/doxia-site-renderer-1.0-alpha-7.jar
7fb30a143000-7fb30a145000 r--s 0000e000 08:06 2887167                    /home/antonio/.m2/repository/oro/oro/2.0.7/oro-2.0.7.jar
7fb30a145000-7fb30a14b000 r--s 00033000 08:06 2887166                    /home/antonio/.m2/repository/org/apache/maven/doxia/doxia-core/1.0-alpha-7/doxia-core-1.0-alpha-7.jar
7fb30a14b000-7fb30a150000 r--s 00016000 08:06 1638386                    /home/antonio/.m2/repository/xml-apis/xml-apis/1.0.b2/xml-apis-1.0.b2.jar
7fb30a150000-7fb30a156000 r--s 00023000 08:06 1624571                    /home/antonio/.m2/repository/commons-collections/commons-collections/2.1/commons-collections-2.1.jar
7fb30a156000-7fb30a15a000 r--s 00026000 08:06 1639996                    /home/antonio/.m2/repository/commons-digester/commons-digester/1.6/commons-digester-1.6.jar
7fb30a15a000-7fb30a15f000 r--s 0002a000 08:06 1639994                    /home/antonio/.m2/repository/commons-beanutils/commons-beanutils/1.7.0/commons-beanutils-1.7.0.jar
7fb30a15f000-7fb30a162000 r--s 00014000 08:06 1639997                    /home/antonio/.m2/repository/commons-validator/commons-validator/1.2.0/commons-validator-1.2.0.jar
7fb30a162000-7fb30a164000 r--s 0000c000 08:06 1745320                    /home/antonio/.applicazioni/netbeans-8.0.2/java/maven-nblib/netbeans-eventspy.jar
7fb30a164000-7fb30a17f000 r--s 000e0000 08:06 1745306                    /home/antonio/.applicazioni/netbeans-8.0.2/java/maven/lib/wagon-http-2.4-shaded.jar
7fb30a17f000-7fb30a181000 r--s 00008000 08:06 1639999                    /home/antonio/.m2/repository/commons-logging/commons-logging/1.0.4/commons-logging-1.0.4.jar
7fb30a181000-7fb30a183000 r--s 00002000 08:06 2887161                    /home/antonio/.m2/repository/org/apache/maven/reporting/maven-reporting-impl/2.0.4/maven-reporting-impl-2.0.4.jar
7fb30a183000-7fb30a184000 r--s 00001000 08:06 1640089                    /home/antonio/.m2/repository/org/apache/maven/doxia/doxia-sink-api/1.0-alpha-7/doxia-sink-api-1.0-alpha-7.jar
7fb30a184000-7fb30a185000 r--s 00002000 08:06 1640088                    /home/antonio/.m2/repository/org/apache/maven/reporting/maven-reporting-api/2.0.6/maven-reporting-api-2.0.6.jar
7fb30a185000-7fb30a186000 r--s 00002000 08:06 2887158                    /home/antonio/.m2/repository/org/codehaus/plexus/plexus-io/1.0-alpha-1/plexus-io-1.0-alpha-1.jar
7fb30a186000-7fb30a187000 r--s 00007000 08:06 2887155                    /home/antonio/.m2/repository/org/apache/maven/shared/maven-plugin-testing-harness/1.1/maven-plugin-testing-harness-1.1.jar
7fb30a187000-7fb30a189000 r--s 00005000 08:06 2887156                    /home/antonio/.m2/repository/org/apache/maven/shared/maven-common-artifact-filters/1.0/maven-common-artifact-filters-1.0.jar
7fb30a189000-7fb30a18b000 r--s 00007000 08:06 2887157                    /home/antonio/.m2/repository/org/apache/maven/shared/maven-dependency-tree/1.2/maven-dependency-tree-1.2.jar
7fb30a18b000-7fb30a18d000 r--s 00009000 08:06 2887150                    /home/antonio/.m2/repository/asm/asm/3.0/asm-3.0.jar
7fb30a18d000-7fb30a18f000 r--s 00005000 08:06 2887147                    /home/antonio/.m2/repository/org/apache/maven/shared/maven-dependency-analyzer/1.1/maven-dependency-analyzer-1.1.jar
7fb30a18f000-7fb30a192000 r--s 0001b000 08:06 1640031                    /home/antonio/.m2/repository/junit/junit/3.8.1/junit-3.8.1.jar
7fb30a192000-7fb30a194000 r--s 00007000 08:06 2887148                    /home/antonio/.m2/repository/org/apache/maven/shared/maven-shared-io/1.0/maven-shared-io-1.0.jar
7fb30a194000-7fb30a196000 r--s 00006000 08:06 2887146                    /home/antonio/.m2/repository/org/apache/maven/shared/file-management/1.1/file-management-1.1.jar
7fb30a196000-7fb30a199000 r--s 0002f000 08:06 1624570                    /home/antonio/.m2/repository/org/codehaus/plexus/plexus-utils/1.4.6/plexus-utils-1.4.6.jar
7fb30a199000-7fb30a19d000 r--s 00023000 08:06 2887145                    /home/antonio/.m2/repository/org/codehaus/plexus/plexus-archiver/1.0-alpha-9/plexus-archiver-1.0-alpha-9.jar
7fb30a19d000-7fb30a19f000 r--s 00002000 08:06 1639986                    /home/antonio/.m2/repository/org/codehaus/plexus/plexus-interactivity-api/1.0-alpha-4/plexus-interactivity-api-1.0-alpha-4.jar
7fb30a19f000-7fb30a1a1000 r--s 00006000 08:06 1638778                    /home/antonio/.m2/repository/commons-cli/commons-cli/1.0/commons-cli-1.0.jar
7fb30a1a1000-7fb30a1a3000 r--s 00018000 08:06 1638133                    /home/antonio/.m2/repository/org/apache/maven/plugins/maven-dependency-plugin/2.1/maven-dependency-plugin-2.1.jar
7fb30a1a3000-7fb30a1a7000 r--s 00033000 08:06 1639222                    /home/antonio/.m2/repository/org/codehaus/plexus/plexus-utils/2.0.5/plexus-utils-2.0.5.jar
7fb30a1a7000-7fb30a1a8000 r--s 00005000 08:06 1627872                    /home/antonio/.m2/repository/org/apache/maven/plugins/maven-clean-plugin/2.4.1/maven-clean-plugin-2.4.1.jar
7fb30a1a8000-7fb30a1ab000 ---p 00000000 00:00 0 
7fb30a1ab000-7fb30a1e1000 rw-p 00000000 00:00 0                          [stack:8651]
7fb30a1e1000-7fb30a1e5000 r--s 0008a000 08:06 728587                     /usr/lib/jvm/java-7-oracle/jre/lib/jsse.jar
7fb30a1e5000-7fb30a216000 rw-p 00000000 00:00 0 
7fb30a216000-7fb30a22c000 r-xp 00000000 08:06 728442                     /usr/lib/jvm/java-7-oracle/jre/lib/amd64/libnet.so
7fb30a22c000-7fb30a42c000 ---p 00016000 08:06 728442                     /usr/lib/jvm/java-7-oracle/jre/lib/amd64/libnet.so
7fb30a42c000-7fb30a42d000 rw-p 00016000 08:06 728442                     /usr/lib/jvm/java-7-oracle/jre/lib/amd64/libnet.so
7fb30a42d000-7fb30a43d000 r-xp 00000000 08:06 728430                     /usr/lib/jvm/java-7-oracle/jre/lib/amd64/libnio.so
7fb30a43d000-7fb30a63d000 ---p 00010000 08:06 728430                     /usr/lib/jvm/java-7-oracle/jre/lib/amd64/libnio.so
7fb30a63d000-7fb30a63e000 rw-p 00010000 08:06 728430                     /usr/lib/jvm/java-7-oracle/jre/lib/amd64/libnio.so
7fb30a63e000-7fb30a64a000 r--s 0007b000 08:06 1745337                    /home/antonio/.applicazioni/netbeans-8.0.2/java/maven/lib/maven-core-3.0.5.jar
7fb30a64a000-7fb30a64b000 ---p 00000000 00:00 0 
7fb30a64b000-7fb30a74b000 rw-p 00000000 00:00 0                          [stack:8649]
7fb30a74b000-7fb30a74e000 ---p 00000000 00:00 0 
7fb30a74e000-7fb30a84c000 rw-p 00000000 00:00 0                          [stack:8648]
7fb30a84c000-7fb30af70000 r--p 00000000 08:06 531795                     /usr/lib/locale/locale-archive
7fb30af70000-7fb30d000000 rw-p 00000000 00:00 0 
7fb30d000000-7fb30d320000 rwxp 00000000 00:00 0 
7fb30d320000-7fb310a9d000 rw-p 00000000 00:00 0 
7fb310a9d000-7fb314000000 ---p 00000000 00:00 0 
7fb314000000-7fb314001000 r--p 00000000 00:00 0 
7fb314001000-7fb314003000 r--s 0000a000 08:06 1745297                    /home/antonio/.applicazioni/netbeans-8.0.2/java/maven/lib/maven-plugin-api-3.0.5.jar
7fb314003000-7fb314008000 r--s 00020000 08:06 1745253                    /home/antonio/.applicazioni/netbeans-8.0.2/java/maven/lib/maven-model-builder-3.0.5.jar
7fb314008000-7fb314009000 r--s 00002000 08:06 1745342                    /home/antonio/.applicazioni/netbeans-8.0.2/java/maven/lib/wagon-file-2.4.jar
7fb314009000-7fb314027000 r--s 0014f000 08:06 1745338                    /home/antonio/.applicazioni/netbeans-8.0.2/java/maven/lib/sisu-guava-0.9.9.jar
7fb314027000-7fb314029000 r--s 0000c000 08:06 1743476                    /home/antonio/.applicazioni/netbeans-8.0.2/java/maven/lib/maven-aether-provider-3.0.5.jar
7fb314029000-7fb314030000 r--s 0003e000 08:06 1745298                    /home/antonio/.applicazioni/netbeans-8.0.2/java/maven/lib/sisu-inject-bean-2.3.0.jar
7fb314030000-7fb314033000 r--s 00025000 08:06 1745329                    /home/antonio/.applicazioni/netbeans-8.0.2/java/maven/lib/maven-model-3.0.5.jar
7fb314033000-7fb314036000 r--s 00033000 08:06 1745323                    /home/antonio/.applicazioni/netbeans-8.0.2/java/maven/lib/plexus-utils-2.0.6.jar
7fb314036000-7fb314038000 r--s 00000000 08:06 1743266                    /home/antonio/.applicazioni/netbeans-8.0.2/java/maven/lib/plexus-component-annotations-1.5.5.jar
7fb314038000-7fb31403e000 r--s 0002b000 08:06 1745274                    /home/antonio/.applicazioni/netbeans-8.0.2/java/maven/lib/sisu-inject-plexus-2.3.0.jar
7fb31403e000-7fb314040000 r--s 00009000 08:06 1745312                    /home/antonio/.applicazioni/netbeans-8.0.2/java/maven/lib/maven-embedder-3.0.5.jar
7fb314040000-7fb314043000 r--s 0001d000 08:06 1745324                    /home/antonio/.applicazioni/netbeans-8.0.2/java/maven/lib/aether-impl-1.13.1.jar
7fb314043000-7fb314045000 r--s 0000a000 08:06 1745313                    /home/antonio/.applicazioni/netbeans-8.0.2/java/maven/lib/maven-settings-3.0.5.jar
7fb314045000-7fb314047000 r--s 00006000 08:06 1743431                    /home/antonio/.applicazioni/netbeans-8.0.2/java/maven/lib/aether-connector-wagon-1.13.1.jar
7fb314047000-7fb314049000 r--s 0000d000 08:06 1745255                    /home/antonio/.applicazioni/netbeans-8.0.2/java/maven/lib/plexus-interpolation-1.14.jar
7fb314049000-7fb31404b000 r--s 0000b000 08:06 1745311                    /home/antonio/.applicazioni/netbeans-8.0.2/java/maven/lib/maven-artifact-3.0.5.jar
7fb31404b000-7fb31404f000 r--s 0001c000 08:06 1745325                    /home/antonio/.applicazioni/netbeans-8.0.2/java/maven/lib/aether-util-1.13.1.jar
7fb31404f000-7fb314053000 r--s 00012000 08:06 1745331                    /home/antonio/.applicazioni/netbeans-8.0.2/java/maven/lib/aether-api-1.13.1.jar
7fb314053000-7fb31405b000 r--s 0004e000 08:06 1745285                    /home/antonio/.applicazioni/netbeans-8.0.2/java/maven/lib/sisu-guice-3.1.0-no_aop.jar
7fb31405b000-7fb31405e000 ---p 00000000 00:00 0 
7fb31405e000-7fb31415c000 rw-p 00000000 00:00 0                          [stack:8647]
7fb31415c000-7fb31415f000 ---p 00000000 00:00 0 
7fb31415f000-7fb31425d000 rw-p 00000000 00:00 0                          [stack:8646]
7fb31425d000-7fb314260000 ---p 00000000 00:00 0 
7fb314260000-7fb31435e000 rw-p 00000000 00:00 0                          [stack:8645]
7fb31435e000-7fb314361000 ---p 00000000 00:00 0 
7fb314361000-7fb31445f000 rw-p 00000000 00:00 0                          [stack:8644]
7fb31445f000-7fb314462000 ---p 00000000 00:00 0 
7fb314462000-7fb314560000 rw-p 00000000 00:00 0                          [stack:8643]
7fb314560000-7fb314561000 ---p 00000000 00:00 0 
7fb314561000-7fb315660000 rw-p 00000000 00:00 0                          [stack:8642]
7fb315660000-7fb31581e000 r--s 039d0000 08:06 728459                     /usr/lib/jvm/java-7-oracle/jre/lib/rt.jar
7fb31581e000-7fb315b20000 rw-p 00000000 00:00 0 
7fb315b20000-7fb315b21000 ---p 00000000 00:00 0 
7fb315b21000-7fb315c21000 rw-p 00000000 00:00 0                          [stack:8641]
7fb315c21000-7fb315c22000 ---p 00000000 00:00 0 
7fb315c22000-7fb315d22000 rw-p 00000000 00:00 0                          [stack:8640]
7fb315d22000-7fb315d23000 ---p 00000000 00:00 0 
7fb315d23000-7fb315e23000 rw-p 00000000 00:00 0                          [stack:8639]
7fb315e23000-7fb315e24000 ---p 00000000 00:00 0 
7fb315e24000-7fb315f2f000 rw-p 00000000 00:00 0                          [stack:8638]
7fb315f2f000-7fb315f4d000 rw-p 00000000 00:00 0 
7fb315f4d000-7fb315f61000 rw-p 00000000 00:00 0 
7fb315f61000-7fb31608d000 rw-p 00000000 00:00 0 
7fb31608d000-7fb316098000 rw-p 00000000 00:00 0 
7fb316098000-7fb3160b6000 rw-p 00000000 00:00 0 
7fb3160b6000-7fb3160ca000 rw-p 00000000 00:00 0 
7fb3160ca000-7fb3161f6000 rw-p 00000000 00:00 0 
7fb3161f6000-7fb31623b000 rw-p 00000000 00:00 0 
7fb31623b000-7fb316296000 rw-p 00000000 00:00 0 
7fb316296000-7fb316297000 rw-p 00000000 00:00 0 
7fb316297000-7fb3162b1000 r-xp 00000000 08:06 728446                     /usr/lib/jvm/java-7-oracle/jre/lib/amd64/libzip.so
7fb3162b1000-7fb3164b1000 ---p 0001a000 08:06 728446                     /usr/lib/jvm/java-7-oracle/jre/lib/amd64/libzip.so
7fb3164b1000-7fb3164b2000 rw-p 0001a000 08:06 728446                     /usr/lib/jvm/java-7-oracle/jre/lib/amd64/libzip.so
7fb3164b2000-7fb3164bd000 r-xp 00000000 08:06 1710014                    /lib/x86_64-linux-gnu/libnss_files-2.19.so
7fb3164bd000-7fb3166bc000 ---p 0000b000 08:06 1710014                    /lib/x86_64-linux-gnu/libnss_files-2.19.so
7fb3166bc000-7fb3166bd000 r--p 0000a000 08:06 1710014                    /lib/x86_64-linux-gnu/libnss_files-2.19.so
7fb3166bd000-7fb3166be000 rw-p 0000b000 08:06 1710014                    /lib/x86_64-linux-gnu/libnss_files-2.19.so
7fb3166be000-7fb3166c9000 r-xp 00000000 08:06 1717208                    /lib/x86_64-linux-gnu/libnss_nis-2.19.so
7fb3166c9000-7fb3168c8000 ---p 0000b000 08:06 1717208                    /lib/x86_64-linux-gnu/libnss_nis-2.19.so
7fb3168c8000-7fb3168c9000 r--p 0000a000 08:06 1717208                    /lib/x86_64-linux-gnu/libnss_nis-2.19.so
7fb3168c9000-7fb3168ca000 rw-p 0000b000 08:06 1717208                    /lib/x86_64-linux-gnu/libnss_nis-2.19.so
7fb3168ca000-7fb3168e1000 r-xp 00000000 08:06 1717174                    /lib/x86_64-linux-gnu/libnsl-2.19.so
7fb3168e1000-7fb316ae0000 ---p 00017000 08:06 1717174                    /lib/x86_64-linux-gnu/libnsl-2.19.so
7fb316ae0000-7fb316ae1000 r--p 00016000 08:06 1717174                    /lib/x86_64-linux-gnu/libnsl-2.19.so
7fb316ae1000-7fb316ae2000 rw-p 00017000 08:06 1717174                    /lib/x86_64-linux-gnu/libnsl-2.19.so
7fb316ae2000-7fb316ae4000 rw-p 00000000 00:00 0 
7fb316ae4000-7fb316aed000 r-xp 00000000 08:06 1717150                    /lib/x86_64-linux-gnu/libnss_compat-2.19.so
7fb316aed000-7fb316cec000 ---p 00009000 08:06 1717150                    /lib/x86_64-linux-gnu/libnss_compat-2.19.so
7fb316cec000-7fb316ced000 r--p 00008000 08:06 1717150                    /lib/x86_64-linux-gnu/libnss_compat-2.19.so
7fb316ced000-7fb316cee000 rw-p 00009000 08:06 1717150                    /lib/x86_64-linux-gnu/libnss_compat-2.19.so
7fb316cee000-7fb316d17000 r-xp 00000000 08:06 728455                     /usr/lib/jvm/java-7-oracle/jre/lib/amd64/libjava.so
7fb316d17000-7fb316f17000 ---p 00029000 08:06 728455                     /usr/lib/jvm/java-7-oracle/jre/lib/amd64/libjava.so
7fb316f17000-7fb316f19000 rw-p 00029000 08:06 728455                     /usr/lib/jvm/java-7-oracle/jre/lib/amd64/libjava.so
7fb316f19000-7fb316f26000 r-xp 00000000 08:06 728405                     /usr/lib/jvm/java-7-oracle/jre/lib/amd64/libverify.so
7fb316f26000-7fb317125000 ---p 0000d000 08:06 728405                     /usr/lib/jvm/java-7-oracle/jre/lib/amd64/libverify.so
7fb317125000-7fb317127000 rw-p 0000c000 08:06 728405                     /usr/lib/jvm/java-7-oracle/jre/lib/amd64/libverify.so
7fb317127000-7fb31712e000 r-xp 00000000 08:06 1717199                    /lib/x86_64-linux-gnu/librt-2.19.so
7fb31712e000-7fb31732d000 ---p 00007000 08:06 1717199                    /lib/x86_64-linux-gnu/librt-2.19.so
7fb31732d000-7fb31732e000 r--p 00006000 08:06 1717199                    /lib/x86_64-linux-gnu/librt-2.19.so
7fb31732e000-7fb31732f000 rw-p 00007000 08:06 1717199                    /lib/x86_64-linux-gnu/librt-2.19.so
7fb31732f000-7fb317434000 r-xp 00000000 08:06 1710011                    /lib/x86_64-linux-gnu/libm-2.19.so
7fb317434000-7fb317633000 ---p 00105000 08:06 1710011                    /lib/x86_64-linux-gnu/libm-2.19.so
7fb317633000-7fb317634000 r--p 00104000 08:06 1710011                    /lib/x86_64-linux-gnu/libm-2.19.so
7fb317634000-7fb317635000 rw-p 00105000 08:06 1710011                    /lib/x86_64-linux-gnu/libm-2.19.so
7fb317635000-7fb318197000 r-xp 00000000 08:06 728437                     /usr/lib/jvm/java-7-oracle/jre/lib/amd64/server/libjvm.so
7fb318197000-7fb318397000 ---p 00b62000 08:06 728437                     /usr/lib/jvm/java-7-oracle/jre/lib/amd64/server/libjvm.so
7fb318397000-7fb31845a000 rw-p 00b62000 08:06 728437                     /usr/lib/jvm/java-7-oracle/jre/lib/amd64/server/libjvm.so
7fb31845a000-7fb31849b000 rw-p 00000000 00:00 0 
7fb31849b000-7fb318656000 r-xp 00000000 08:06 1717191                    /lib/x86_64-linux-gnu/libc-2.19.so
7fb318656000-7fb318855000 ---p 001bb000 08:06 1717191                    /lib/x86_64-linux-gnu/libc-2.19.so
7fb318855000-7fb318859000 r--p 001ba000 08:06 1717191                    /lib/x86_64-linux-gnu/libc-2.19.so
7fb318859000-7fb31885b000 rw-p 001be000 08:06 1717191                    /lib/x86_64-linux-gnu/libc-2.19.so
7fb31885b000-7fb318860000 rw-p 00000000 00:00 0 
7fb318860000-7fb318863000 r-xp 00000000 08:06 1713857                    /lib/x86_64-linux-gnu/libdl-2.19.so
7fb318863000-7fb318a62000 ---p 00003000 08:06 1713857                    /lib/x86_64-linux-gnu/libdl-2.19.so
7fb318a62000-7fb318a63000 r--p 00002000 08:06 1713857                    /lib/x86_64-linux-gnu/libdl-2.19.so
7fb318a63000-7fb318a64000 rw-p 00003000 08:06 1713857                    /lib/x86_64-linux-gnu/libdl-2.19.so
7fb318a64000-7fb318a7a000 r-xp 00000000 08:06 727529                     /usr/lib/jvm/java-7-oracle/lib/amd64/jli/libjli.so
7fb318a7a000-7fb318c7a000 ---p 00016000 08:06 727529                     /usr/lib/jvm/java-7-oracle/lib/amd64/jli/libjli.so
7fb318c7a000-7fb318c7b000 rw-p 00016000 08:06 727529                     /usr/lib/jvm/java-7-oracle/lib/amd64/jli/libjli.so
7fb318c7b000-7fb318c94000 r-xp 00000000 08:06 1717195                    /lib/x86_64-linux-gnu/libpthread-2.19.so
7fb318c94000-7fb318e93000 ---p 00019000 08:06 1717195                    /lib/x86_64-linux-gnu/libpthread-2.19.so
7fb318e93000-7fb318e94000 r--p 00018000 08:06 1717195                    /lib/x86_64-linux-gnu/libpthread-2.19.so
7fb318e94000-7fb318e95000 rw-p 00019000 08:06 1717195                    /lib/x86_64-linux-gnu/libpthread-2.19.so
7fb318e95000-7fb318e99000 rw-p 00000000 00:00 0 
7fb318e99000-7fb318e9d000 r-xp 00000000 08:06 1717205                    /lib/x86_64-linux-gnu/liblsp.so
7fb318e9d000-7fb31909c000 ---p 00004000 08:06 1717205                    /lib/x86_64-linux-gnu/liblsp.so
7fb31909c000-7fb31909d000 r--p 00003000 08:06 1717205                    /lib/x86_64-linux-gnu/liblsp.so
7fb31909d000-7fb31909e000 rw-p 00004000 08:06 1717205                    /lib/x86_64-linux-gnu/liblsp.so
7fb31909e000-7fb3190c1000 r-xp 00000000 08:06 1717182                    /lib/x86_64-linux-gnu/ld-2.19.so
7fb3190c1000-7fb3190c3000 r--s 00002000 08:06 1745330                    /home/antonio/.applicazioni/netbeans-8.0.2/java/maven/lib/plexus-cipher-1.7.jar
7fb3190c3000-7fb3190c6000 r--s 00008000 08:06 1743456                    /home/antonio/.applicazioni/netbeans-8.0.2/java/maven/lib/maven-settings-builder-3.0.5.jar
7fb3190c6000-7fb3190e8000 rw-p 00000000 00:00 0 
7fb3190e8000-7fb31919b000 rw-p 00000000 00:00 0 
7fb31919b000-7fb31919e000 ---p 00000000 00:00 0 
7fb31919e000-7fb3192a1000 rw-p 00000000 00:00 0                          [stack:8637]
7fb3192a1000-7fb3192a3000 r--s 0000b000 08:06 1745296                    /home/antonio/.applicazioni/netbeans-8.0.2/java/maven/lib/wagon-provider-api-2.4.jar
7fb3192a3000-7fb3192a5000 r--s 00006000 08:06 1743369                    /home/antonio/.applicazioni/netbeans-8.0.2/java/maven/lib/maven-repository-metadata-3.0.5.jar
7fb3192a5000-7fb3192a6000 r--s 00009000 08:06 1745340                    /home/antonio/.applicazioni/netbeans-8.0.2/java/maven/lib/commons-cli-1.2.jar
7fb3192a6000-7fb3192a7000 r--s 00003000 08:06 1745332                    /home/antonio/.applicazioni/netbeans-8.0.2/java/maven/lib/aether-spi-1.13.1.jar
7fb3192a7000-7fb3192ad000 r--s 0003e000 08:06 1745326                    /home/antonio/.applicazioni/netbeans-8.0.2/java/maven/lib/maven-compat-3.0.5.jar
7fb3192ad000-7fb3192ae000 r--s 00006000 08:06 1745254                    /home/antonio/.applicazioni/netbeans-8.0.2/java/maven/lib/plexus-sec-dispatcher-1.3.jar
7fb3192ae000-7fb3192b0000 r--s 0000a000 08:06 1745286                    /home/antonio/.applicazioni/netbeans-8.0.2/java/maven/boot/plexus-classworlds-2.4.jar
7fb3192b0000-7fb3192b8000 rw-s 00000000 08:06 263110                     /tmp/hsperfdata_antonio/8634
7fb3192b8000-7fb3192b9000 rw-p 00000000 00:00 0 
7fb3192b9000-7fb3192ba000 ---p 00000000 00:00 0 
7fb3192ba000-7fb3192be000 rw-s 00000000 00:04 0                          /SYSVa5723213 (deleted)
7fb3192be000-7fb3192c0000 rw-p 00000000 00:00 0 
7fb3192c0000-7fb3192c1000 r--p 00022000 08:06 1717182                    /lib/x86_64-linux-gnu/ld-2.19.so
7fb3192c1000-7fb3192c2000 rw-p 00023000 08:06 1717182                    /lib/x86_64-linux-gnu/ld-2.19.so
7fb3192c2000-7fb3192c3000 rw-p 00000000 00:00 0 
7ffc232a1000-7ffc232c2000 rw-p 00000000 00:00 0                          [stack]
7ffc2338c000-7ffc2338e000 r-xp 00000000 00:00 0                          [vdso]
ffffffffff600000-ffffffffff601000 r-xp 00000000 00:00 0                  [vsyscall]

VM Arguments:
jvm_args: -Dclassworlds.conf=/home/antonio/.applicazioni/netbeans-8.0.2/java/maven/bin/m2.conf -Dmaven.home=/home/antonio/.applicazioni/netbeans-8.0.2/java/maven 
java_command: org.codehaus.plexus.classworlds.launcher.Launcher -Dmaven.ext.class.path=/home/antonio/.applicazioni/netbeans-8.0.2/java/maven-nblib/netbeans-eventspy.jar clean install
Launcher Type: SUN_STANDARD

Environment Variables:
JAVA_HOME=/usr/lib/jvm/java-7-oracle
PATH=/usr/local/sbin:/usr/local/bin:/usr/sbin:/usr/bin:/sbin:/bin:/usr/games:/usr/local/games:/usr/lib/jvm/java-7-oracle/bin:/usr/lib/jvm/java-7-oracle/db/bin:/usr/lib/jvm/java-7-oracle/jre/bin
LD_LIBRARY_PATH=/usr/lib/jvm/java-7-oracle/jre/lib/amd64:/usr/lib/jvm/java-7-oracle/jre/lib/i386:
SHELL=/bin/bash
DISPLAY=:0.0

Signal Handlers:
SIGSEGV: [libjvm.so+0x993980], sa_mask[0]=0x7ffbfeff, sa_flags=0x10000004
SIGBUS: [libjvm.so+0x993980], sa_mask[0]=0x7ffbfeff, sa_flags=0x10000004
SIGFPE: [libjvm.so+0x8106e0], sa_mask[0]=0x7ffbfeff, sa_flags=0x10000004
SIGPIPE: [libjvm.so+0x8106e0], sa_mask[0]=0x7ffbfeff, sa_flags=0x10000004
SIGXFSZ: [libjvm.so+0x8106e0], sa_mask[0]=0x7ffbfeff, sa_flags=0x10000004
SIGILL: [libjvm.so+0x8106e0], sa_mask[0]=0x7ffbfeff, sa_flags=0x10000004
SIGUSR1: SIG_DFL, sa_mask[0]=0x00000000, sa_flags=0x00000000
SIGUSR2: [libjvm.so+0x811bd0], sa_mask[0]=0x00000004, sa_flags=0x10000004
SIGHUP: [libjvm.so+0x812b40], sa_mask[0]=0x7ffbfeff, sa_flags=0x10000004
SIGINT: SIG_IGN, sa_mask[0]=0x00000000, sa_flags=0x00000000
SIGTERM: [libjvm.so+0x812b40], sa_mask[0]=0x7ffbfeff, sa_flags=0x10000004
SIGQUIT: [libjvm.so+0x812b40], sa_mask[0]=0x7ffbfeff, sa_flags=0x10000004


---------------  S Y S T E M  ---------------

OS:jessie/sid

uname:Linux 3.13.0-63-generic #103-Ubuntu SMP Fri Aug 14 21:42:59 UTC 2015 x86_64
libc:glibc 2.19 NPTL 2.19 
rlimit: STACK 8192k, CORE 0k, NPROC 30103, NOFILE 4096, AS infinity
load average:3,96 2,32 1,45

/proc/meminfo:
MemTotal:        3925940 kB
MemFree:          155880 kB
Buffers:            1940 kB
Cached:           284444 kB
SwapCached:            0 kB
Active:          3331364 kB
Inactive:         263480 kB
Active(anon):    3310684 kB
Inactive(anon):   246184 kB
Active(file):      20680 kB
Inactive(file):    17296 kB
Unevictable:          48 kB
Mlocked:              48 kB
SwapTotal:             0 kB
SwapFree:              0 kB
Dirty:              1880 kB
Writeback:             0 kB
AnonPages:       3309212 kB
Mapped:           129296 kB
Shmem:            247704 kB
Slab:              71020 kB
SReclaimable:      35576 kB
SUnreclaim:        35444 kB
KernelStack:        5096 kB
PageTables:        44896 kB
NFS_Unstable:          0 kB
Bounce:                0 kB
WritebackTmp:          0 kB
CommitLimit:     1962968 kB
Committed_AS:    7713064 kB
VmallocTotal:   34359738367 kB
VmallocUsed:      351048 kB
VmallocChunk:   34359378008 kB
HardwareCorrupted:     0 kB
AnonHugePages:    972800 kB
HugePages_Total:       0
HugePages_Free:        0
HugePages_Rsvd:        0
HugePages_Surp:        0
Hugepagesize:       2048 kB
DirectMap4k:       67272 kB
DirectMap2M:     4005888 kB


CPU:total 4 (2 cores per cpu, 2 threads per core) family 6 model 42 stepping 7, cmov, cx8, fxsr, mmx, sse, sse2, sse3, ssse3, sse4.1, sse4.2, popcnt, avx, ht, tsc, tscinvbit

/proc/cpuinfo:
processor	: 0
vendor_id	: GenuineIntel
cpu family	: 6
model		: 42
model name	: Intel(R) Core(TM) i3-2348M CPU @ 2.30GHz
stepping	: 7
microcode	: 0x28
cpu MHz		: 2300.000
cache size	: 3072 KB
physical id	: 0
siblings	: 4
core id		: 0
cpu cores	: 2
apicid		: 0
initial apicid	: 0
fpu		: yes
fpu_exception	: yes
cpuid level	: 13
wp		: yes
flags		: fpu vme de pse tsc msr pae mce cx8 apic sep mtrr pge mca cmov pat pse36 clflush dts acpi mmx fxsr sse sse2 ss ht tm pbe syscall nx rdtscp lm constant_tsc arch_perfmon pebs bts rep_good nopl xtopology nonstop_tsc aperfmperf eagerfpu pni pclmulqdq dtes64 monitor ds_cpl vmx est tm2 ssse3 cx16 xtpr pdcm pcid sse4_1 sse4_2 x2apic popcnt tsc_deadline_timer xsave avx lahf_lm arat epb xsaveopt pln pts dtherm tpr_shadow vnmi flexpriority ept vpid
bogomips	: 4589.47
clflush size	: 64
cache_alignment	: 64
address sizes	: 36 bits physical, 48 bits virtual
power management:

processor	: 1
vendor_id	: GenuineIntel
cpu family	: 6
model		: 42
model name	: Intel(R) Core(TM) i3-2348M CPU @ 2.30GHz
stepping	: 7
microcode	: 0x28
cpu MHz		: 2300.000
cache size	: 3072 KB
physical id	: 0
siblings	: 4
core id		: 0
cpu cores	: 2
apicid		: 1
initial apicid	: 1
fpu		: yes
fpu_exception	: yes
cpuid level	: 13
wp		: yes
flags		: fpu vme de pse tsc msr pae mce cx8 apic sep mtrr pge mca cmov pat pse36 clflush dts acpi mmx fxsr sse sse2 ss ht tm pbe syscall nx rdtscp lm constant_tsc arch_perfmon pebs bts rep_good nopl xtopology nonstop_tsc aperfmperf eagerfpu pni pclmulqdq dtes64 monitor ds_cpl vmx est tm2 ssse3 cx16 xtpr pdcm pcid sse4_1 sse4_2 x2apic popcnt tsc_deadline_timer xsave avx lahf_lm arat epb xsaveopt pln pts dtherm tpr_shadow vnmi flexpriority ept vpid
bogomips	: 4589.47
clflush size	: 64
cache_alignment	: 64
address sizes	: 36 bits physical, 48 bits virtual
power management:

processor	: 2
vendor_id	: GenuineIntel
cpu family	: 6
model		: 42
model name	: Intel(R) Core(TM) i3-2348M CPU @ 2.30GHz
stepping	: 7
microcode	: 0x28
cpu MHz		: 2300.000
cache size	: 3072 KB
physical id	: 0
siblings	: 4
core id		: 1
cpu cores	: 2
apicid		: 2
initial apicid	: 2
fpu		: yes
fpu_exception	: yes
cpuid level	: 13
wp		: yes
flags		: fpu vme de pse tsc msr pae mce cx8 apic sep mtrr pge mca cmov pat pse36 clflush dts acpi mmx fxsr sse sse2 ss ht tm pbe syscall nx rdtscp lm constant_tsc arch_perfmon pebs bts rep_good nopl xtopology nonstop_tsc aperfmperf eagerfpu pni pclmulqdq dtes64 monitor ds_cpl vmx est tm2 ssse3 cx16 xtpr pdcm pcid sse4_1 sse4_2 x2apic popcnt tsc_deadline_timer xsave avx lahf_lm arat epb xsaveopt pln pts dtherm tpr_shadow vnmi flexpriority ept vpid
bogomips	: 4589.47
clflush size	: 64
cache_alignment	: 64
address sizes	: 36 bits physical, 48 bits virtual
power management:

processor	: 3
vendor_id	: GenuineIntel
cpu family	: 6
model		: 42
model name	: Intel(R) Core(TM) i3-2348M CPU @ 2.30GHz
stepping	: 7
microcode	: 0x28
cpu MHz		: 2100.000
cache size	: 3072 KB
physical id	: 0
siblings	: 4
core id		: 1
cpu cores	: 2
apicid		: 3
initial apicid	: 3
fpu		: yes
fpu_exception	: yes
cpuid level	: 13
wp		: yes
flags		: fpu vme de pse tsc msr pae mce cx8 apic sep mtrr pge mca cmov pat pse36 clflush dts acpi mmx fxsr sse sse2 ss ht tm pbe syscall nx rdtscp lm constant_tsc arch_perfmon pebs bts rep_good nopl xtopology nonstop_tsc aperfmperf eagerfpu pni pclmulqdq dtes64 monitor ds_cpl vmx est tm2 ssse3 cx16 xtpr pdcm pcid sse4_1 sse4_2 x2apic popcnt tsc_deadline_timer xsave avx lahf_lm arat epb xsaveopt pln pts dtherm tpr_shadow vnmi flexpriority ept vpid
bogomips	: 4589.47
clflush size	: 64
cache_alignment	: 64
address sizes	: 36 bits physical, 48 bits virtual
power management:



Memory: 4k page, physical 3925940k(155880k free), swap 0k(0k free)

vm_info: Java HotSpot(TM) 64-Bit Server VM (24.55-b03) for linux-amd64 JRE (1.7.0_55-b13), built on Mar 17 2014 19:43:58 by "java_re" with gcc 4.3.0 20080428 (Red Hat 4.3.0-8)

time: Fri Sep 18 15:06:13 2015
elapsed time: 23 seconds

